<?xml version="1.0" encoding="UTF-8"?>
<testng-results skipped="0" failed="0" total="1" passed="1">
  <reporter-output>
  </reporter-output>
  <suite name="common-all-tests" duration-ms="104" started-at="2016-04-07T20:47:40Z" finished-at="2016-04-07T20:47:40Z">
    <groups>
    </groups>
    <test name="JUnit tests with TestNG suite" duration-ms="104" started-at="2016-04-07T20:47:40Z" finished-at="2016-04-07T20:47:40Z">
      <class name="ua.kiev.semaphore.SemaphoreImplTest">
        <test-method status="PASS" signature="testSemaphoreImpl()[pri:0, instance:testSemaphoreImpl(ua.kiev.semaphore.SemaphoreImplTest)]" name="testSemaphoreImpl" duration-ms="9" started-at="2016-04-07T23:47:40Z" finished-at="2016-04-07T23:47:40Z">
          <reporter-output>
          </reporter-output>
        </test-method> <!-- testSemaphoreImpl -->
      </class> <!-- ua.kiev.semaphore.SemaphoreImplTest -->
    </test> <!-- JUnit tests with TestNG suite -->
  </suite> <!-- common-all-tests -->
</testng-results>
